[2024-03-16 10:40:29,290] {taskinstance.py:826} INFO - Dependencies all met for <TaskInstance: download_rocket_launches.notify 2024-03-02T00:00:00+00:00 [queued]>
[2024-03-16 10:40:29,678] {taskinstance.py:826} INFO - Dependencies all met for <TaskInstance: download_rocket_launches.notify 2024-03-02T00:00:00+00:00 [queued]>
[2024-03-16 10:40:29,678] {taskinstance.py:1017} INFO - 
--------------------------------------------------------------------------------
[2024-03-16 10:40:29,678] {taskinstance.py:1018} INFO - Starting attempt 1 of 1
[2024-03-16 10:40:29,679] {taskinstance.py:1019} INFO - 
--------------------------------------------------------------------------------
[2024-03-16 10:40:30,193] {taskinstance.py:1038} INFO - Executing <Task(BashOperator): notify> on 2024-03-02T00:00:00+00:00
[2024-03-16 10:40:30,204] {standard_task_runner.py:51} INFO - Started process 21188 to run task
[2024-03-16 10:40:30,371] {standard_task_runner.py:75} INFO - Running: ['airflow', 'tasks', 'run', 'download_rocket_launches', 'notify', '2024-03-02T00:00:00+00:00', '--job-id', '31', '--pool', 'default_pool', '--raw', '--subdir', 'DAGS_FOLDER/download_rocket_launches.py', '--cfg-path', '/tmp/tmpc8ovywbg']
[2024-03-16 10:40:30,372] {standard_task_runner.py:76} INFO - Job 31: Subtask notify
[2024-03-16 10:40:31,579] {logging_mixin.py:103} INFO - Running <TaskInstance: download_rocket_launches.notify 2024-03-02T00:00:00+00:00 [running]> on host 2a9ac032b96c
[2024-03-16 10:40:32,302] {taskinstance.py:1230} INFO - Exporting the following env vars:
AIRFLOW_CTX_DAG_OWNER=airflow
AIRFLOW_CTX_DAG_ID=download_rocket_launches
AIRFLOW_CTX_TASK_ID=notify
AIRFLOW_CTX_EXECUTION_DATE=2024-03-02T00:00:00+00:00
AIRFLOW_CTX_DAG_RUN_ID=scheduled__2024-03-02T00:00:00+00:00
[2024-03-16 10:40:32,362] {bash.py:135} INFO - Tmp dir root location: 
 /tmp
[2024-03-16 10:40:32,362] {bash.py:158} INFO - Running command: echo "There are now $(ls /tmp/images/ | wc -l) images."
[2024-03-16 10:40:32,865] {bash.py:169} INFO - Output:
[2024-03-16 10:40:32,936] {bash.py:173} INFO - There are now 8 images.
[2024-03-16 10:40:32,937] {bash.py:177} INFO - Command exited with return code 0
[2024-03-16 10:40:33,390] {taskinstance.py:1135} INFO - Marking task as SUCCESS. dag_id=download_rocket_launches, task_id=notify, execution_date=20240302T000000, start_date=20240316T104029, end_date=20240316T104033
[2024-03-16 10:40:35,577] {local_task_job.py:169} WARNING - State of this instance has been externally set to success. Terminating instance.
[2024-03-16 10:40:35,582] {process_utils.py:95} INFO - Sending Signals.SIGTERM to GPID 21188
[2024-03-16 10:40:35,665] {taskinstance.py:1214} ERROR - Received SIGTERM. Terminating subprocesses.
[2024-03-16 10:40:35,665] {bash.py:185} INFO - Sending SIGTERM signal to bash process group
[2024-03-16 10:40:35,928] {process_utils.py:61} INFO - Process psutil.Process(pid=21188, status='terminated', exitcode=1, started='10:40:29') (21188) terminated with exit code 1
[2024-03-16 10:40:35,930] {local_task_job.py:118} INFO - Task exited with return code 1
